<?xml version="1.0" encoding="UTF-8"?>
<!-- Generated by org.testng.reporters.JUnitReportReporter -->
<testsuite hostname="INBOOK_X1_SLIM" failures="0" tests="2" name="isuitelistener.testpack2" time="0.006" errors="0" timestamp="2023-02-10T12:37:21 IST" skipped="0">
  <testcase classname="isuitelistener.testpack2" name="emailverification" time="0.002"/>
  <system-out/>
  <testcase classname="isuitelistener.testpack2" name="searchtheproduct" time="0.004"/>
  <system-out/>
</testsuite> <!-- isuitelistener.testpack2 -->
