<?xml version="1.0" encoding="UTF-8"?>
<!-- Generated by org.testng.reporters.JUnitReportReporter -->
<testsuite hostname="INBOOK_X1_SLIM" failures="0" tests="4" name="isuitelistener.testpack1" time="0.016" errors="0" timestamp="2023-02-10T12:37:21 IST" skipped="0">
  <testcase classname="isuitelistener.testpack1" name="searchamazonpage" time="0.001"/>
  <system-out/>
  <testcase classname="isuitelistener.testpack1" name="searchamazonpage" time="0.002"/>
  <system-out/>
  <testcase classname="isuitelistener.testpack1" name="browserlaunch" time="0.012"/>
  <system-out/>
  <testcase classname="isuitelistener.testpack1" name="browserlaunch" time="0.001"/>
  <system-out/>
</testsuite> <!-- isuitelistener.testpack1 -->
